<?xml version="1.0" encoding="UTF-8"?>
<testsuite name="ru.ivashkevich.exchangeratecheck.ExchangeRateCheckApplicationTests" tests="1" skipped="0" failures="0" errors="0" timestamp="2021-11-29T04:23:28" hostname="LAPTOP-ADGIG4A4" time="0.123">
  <properties/>
  <testcase name="contextLoads()" classname="ru.ivashkevich.exchangeratecheck.ExchangeRateCheckApplicationTests" time="0.123"/>
  <system-out><![CDATA[2021-11-29 07:23:27.554  INFO 9148 --- [    Test worker] .b.t.c.SpringBootTestContextBootstrapper : Neither @ContextConfiguration nor @ContextHierarchy found for test class [ru.ivashkevich.exchangeratecheck.ExchangeRateCheckApplicationTests], using SpringBootContextLoader
2021-11-29 07:23:27.555  INFO 9148 --- [    Test worker] o.s.t.c.support.AbstractContextLoader    : Could not detect default resource locations for test class [ru.ivashkevich.exchangeratecheck.ExchangeRateCheckApplicationTests]: no resource found for suffixes {-context.xml, Context.groovy}.
2021-11-29 07:23:27.556  INFO 9148 --- [    Test worker] t.c.s.AnnotationConfigContextLoaderUtils : Could not detect default configuration classes for test class [ru.ivashkevich.exchangeratecheck.ExchangeRateCheckApplicationTests]: ExchangeRateCheckApplicationTests does not declare any static, non-private, non-final, nested classes annotated with @Configuration.
2021-11-29 07:23:27.558  INFO 9148 --- [    Test worker] .b.t.c.SpringBootTestContextBootstrapper : Found @SpringBootConfiguration ru.ivashkevich.exchangeratecheck.ExchangeRateCheckApplication for test class ru.ivashkevich.exchangeratecheck.ExchangeRateCheckApplicationTests
2021-11-29 07:23:27.562  INFO 9148 --- [    Test worker] .b.t.c.SpringBootTestContextBootstrapper : Loaded default TestExecutionListener class names from location [META-INF/spring.factories]: [org.springframework.boot.test.autoconfigure.restdocs.RestDocsTestExecutionListener, org.springframework.boot.test.autoconfigure.web.client.MockRestServiceServerResetTestExecutionListener, org.springframework.boot.test.autoconfigure.web.servlet.MockMvcPrintOnlyOnFailureTestExecutionListener, org.springframework.boot.test.autoconfigure.web.servlet.WebDriverTestExecutionListener, org.springframework.boot.test.autoconfigure.webservices.client.MockWebServiceServerTestExecutionListener, org.springframework.boot.test.mock.mockito.MockitoTestExecutionListener, org.springframework.boot.test.mock.mockito.ResetMocksTestExecutionListener, org.springframework.test.context.web.ServletTestExecutionListener, org.springframework.test.context.support.DirtiesContextBeforeModesTestExecutionListener, org.springframework.test.context.event.ApplicationEventsTestExecutionListener, org.springframework.test.context.support.DependencyInjectionTestExecutionListener, org.springframework.test.context.support.DirtiesContextTestExecutionListener, org.springframework.test.context.transaction.TransactionalTestExecutionListener, org.springframework.test.context.jdbc.SqlScriptsTestExecutionListener, org.springframework.test.context.event.EventPublishingTestExecutionListener]
2021-11-29 07:23:27.563  INFO 9148 --- [    Test worker] .b.t.c.SpringBootTestContextBootstrapper : Using TestExecutionListeners: [org.springframework.test.context.web.ServletTestExecutionListener@13ebccd, org.springframework.test.context.support.DirtiesContextBeforeModesTestExecutionListener@4e80960a, org.springframework.test.context.event.ApplicationEventsTestExecutionListener@2a0c244e, org.springframework.boot.test.mock.mockito.MockitoTestExecutionListener@2f60e66a, org.springframework.boot.test.autoconfigure.SpringBootDependencyInjectionTestExecutionListener@5bccef9f, org.springframework.test.context.support.DirtiesContextTestExecutionListener@1136122a, org.springframework.test.context.event.EventPublishingTestExecutionListener@5a537a16, org.springframework.boot.test.autoconfigure.restdocs.RestDocsTestExecutionListener@72288480, org.springframework.boot.test.autoconfigure.web.client.MockRestServiceServerResetTestExecutionListener@4ea43d4d, org.springframework.boot.test.autoconfigure.web.servlet.MockMvcPrintOnlyOnFailureTestExecutionListener@6f22c1f1, org.springframework.boot.test.autoconfigure.web.servlet.WebDriverTestExecutionListener@2ee095c9, org.springframework.boot.test.autoconfigure.webservices.client.MockWebServiceServerTestExecutionListener@185a0811, org.springframework.boot.test.mock.mockito.ResetMocksTestExecutionListener@77fb1002]

  .   ____          _            __ _ _
 /\\ / ___'_ __ _ _(_)_ __  __ _ \ \ \ \
( ( )\___ | '_ | '_| | '_ \/ _` | \ \ \ \
 \\/  ___)| |_)| | | | | || (_| |  ) ) ) )
  '  |____| .__|_| |_|_| |_\__, | / / / /
 =========|_|==============|___/=/_/_/_/
 :: Spring Boot ::                (v2.6.0)

2021-11-29 07:23:27.685  INFO 9148 --- [    Test worker] r.i.e.ExchangeRateCheckApplicationTests  : Starting ExchangeRateCheckApplicationTests using Java 15.0.1 on LAPTOP-ADGIG4A4 with PID 9148 (started by shaqz in C:\Java\projects\exchange-rate-check)
2021-11-29 07:23:27.685  INFO 9148 --- [    Test worker] r.i.e.ExchangeRateCheckApplicationTests  : No active profile set, falling back to default profiles: default
2021-11-29 07:23:27.915  INFO 9148 --- [    Test worker] o.s.cloud.context.scope.GenericScope     : BeanFactory id=c72378d1-82e4-3a5c-b8ef-a34549c904d1
2021-11-29 07:23:28.690  INFO 9148 --- [    Test worker] r.i.e.ExchangeRateCheckApplicationTests  : Started ExchangeRateCheckApplicationTests in 1.124 seconds (JVM running for 8.628)
]]></system-out>
  <system-err><![CDATA[]]></system-err>
</testsuite>
