<?xml version="1.0" encoding="UTF-8"?>
<testsuite name="ru.ivashkevich.exchangeratecheck.OpenExchangeRatesClientIntegrationTest" tests="2" skipped="0" failures="0" errors="0" timestamp="2021-11-29T04:23:31" hostname="LAPTOP-ADGIG4A4" time="0.15">
  <properties/>
  <testcase name="whenGetLatest_thenCurrencyRateDTOShouldBeReturned()" classname="ru.ivashkevich.exchangeratecheck.OpenExchangeRatesClientIntegrationTest" time="0.141"/>
  <testcase name="whenGetHistorical_thenCurrencyRateDTOShouldBeReturned()" classname="ru.ivashkevich.exchangeratecheck.OpenExchangeRatesClientIntegrationTest" time="0.008"/>
  <system-out><![CDATA[2021-11-29 07:23:31.143  INFO 9148 --- [    Test worker] o.s.t.c.support.AbstractContextLoader    : Could not detect default resource locations for test class [ru.ivashkevich.exchangeratecheck.OpenExchangeRatesClientIntegrationTest]: no resource found for suffixes {-context.xml, Context.groovy}.
2021-11-29 07:23:31.147  INFO 9148 --- [    Test worker] .b.t.c.SpringBootTestContextBootstrapper : Found @SpringBootConfiguration ru.ivashkevich.exchangeratecheck.ExchangeRateCheckApplication for test class ru.ivashkevich.exchangeratecheck.OpenExchangeRatesClientIntegrationTest
2021-11-29 07:23:31.150  INFO 9148 --- [    Test worker] .b.t.c.SpringBootTestContextBootstrapper : Loaded default TestExecutionListener class names from location [META-INF/spring.factories]: [org.springframework.boot.test.autoconfigure.restdocs.RestDocsTestExecutionListener, org.springframework.boot.test.autoconfigure.web.client.MockRestServiceServerResetTestExecutionListener, org.springframework.boot.test.autoconfigure.web.servlet.MockMvcPrintOnlyOnFailureTestExecutionListener, org.springframework.boot.test.autoconfigure.web.servlet.WebDriverTestExecutionListener, org.springframework.boot.test.autoconfigure.webservices.client.MockWebServiceServerTestExecutionListener, org.springframework.boot.test.mock.mockito.MockitoTestExecutionListener, org.springframework.boot.test.mock.mockito.ResetMocksTestExecutionListener, org.springframework.test.context.web.ServletTestExecutionListener, org.springframework.test.context.support.DirtiesContextBeforeModesTestExecutionListener, org.springframework.test.context.event.ApplicationEventsTestExecutionListener, org.springframework.test.context.support.DependencyInjectionTestExecutionListener, org.springframework.test.context.support.DirtiesContextTestExecutionListener, org.springframework.test.context.transaction.TransactionalTestExecutionListener, org.springframework.test.context.jdbc.SqlScriptsTestExecutionListener, org.springframework.test.context.event.EventPublishingTestExecutionListener]
2021-11-29 07:23:31.151  INFO 9148 --- [    Test worker] .b.t.c.SpringBootTestContextBootstrapper : Using TestExecutionListeners: [org.springframework.test.context.web.ServletTestExecutionListener@65f3f9e2, org.springframework.test.context.support.DirtiesContextBeforeModesTestExecutionListener@394950ad, org.springframework.test.context.event.ApplicationEventsTestExecutionListener@73dd3a46, org.springframework.boot.test.mock.mockito.MockitoTestExecutionListener@bae5e58, org.springframework.boot.test.autoconfigure.SpringBootDependencyInjectionTestExecutionListener@71e89a26, org.springframework.test.context.support.DirtiesContextTestExecutionListener@257708e, org.springframework.test.context.event.EventPublishingTestExecutionListener@18c26588, org.springframework.boot.test.autoconfigure.restdocs.RestDocsTestExecutionListener@6167a456, org.springframework.boot.test.autoconfigure.web.client.MockRestServiceServerResetTestExecutionListener@54eb2bf6, org.springframework.boot.test.autoconfigure.web.servlet.MockMvcPrintOnlyOnFailureTestExecutionListener@6d01f2e5, org.springframework.boot.test.autoconfigure.web.servlet.WebDriverTestExecutionListener@66e434e8, org.springframework.boot.test.autoconfigure.webservices.client.MockWebServiceServerTestExecutionListener@3a7d6976, org.springframework.boot.test.mock.mockito.ResetMocksTestExecutionListener@37c45154]
]]></system-out>
  <system-err><![CDATA[]]></system-err>
</testsuite>
