<?xml version="1.0" encoding="UTF-8"?>
<testsuite name="ru.ivashkevich.exchangeratecheck.CurrencyControllerTest" tests="1" skipped="0" failures="0" errors="0" timestamp="2021-11-29T04:23:24" hostname="LAPTOP-ADGIG4A4" time="3.08">
  <properties/>
  <testcase name="controllerTest()" classname="ru.ivashkevich.exchangeratecheck.CurrencyControllerTest" time="3.08"/>
  <system-out><![CDATA[07:23:21.042 [Test worker] DEBUG org.springframework.test.context.BootstrapUtils - Instantiating CacheAwareContextLoaderDelegate from class [org.springframework.test.context.cache.DefaultCacheAwareContextLoaderDelegate]
07:23:21.059 [Test worker] DEBUG org.springframework.test.context.BootstrapUtils - Instantiating BootstrapContext using constructor [public org.springframework.test.context.support.DefaultBootstrapContext(java.lang.Class,org.springframework.test.context.CacheAwareContextLoaderDelegate)]
07:23:21.117 [Test worker] DEBUG org.springframework.test.context.BootstrapUtils - Instantiating TestContextBootstrapper for test class [ru.ivashkevich.exchangeratecheck.CurrencyControllerTest] from class [org.springframework.boot.test.context.SpringBootTestContextBootstrapper]
07:23:21.141 [Test worker] INFO org.springframework.boot.test.context.SpringBootTestContextBootstrapper - Neither @ContextConfiguration nor @ContextHierarchy found for test class [ru.ivashkevich.exchangeratecheck.CurrencyControllerTest], using SpringBootContextLoader
07:23:21.154 [Test worker] DEBUG org.springframework.test.context.support.AbstractContextLoader - Did not detect default resource location for test class [ru.ivashkevich.exchangeratecheck.CurrencyControllerTest]: class path resource [ru/ivashkevich/exchangeratecheck/CurrencyControllerTest-context.xml] does not exist
07:23:21.157 [Test worker] DEBUG org.springframework.test.context.support.AbstractContextLoader - Did not detect default resource location for test class [ru.ivashkevich.exchangeratecheck.CurrencyControllerTest]: class path resource [ru/ivashkevich/exchangeratecheck/CurrencyControllerTestContext.groovy] does not exist
07:23:21.157 [Test worker] INFO org.springframework.test.context.support.AbstractContextLoader - Could not detect default resource locations for test class [ru.ivashkevich.exchangeratecheck.CurrencyControllerTest]: no resource found for suffixes {-context.xml, Context.groovy}.
07:23:21.159 [Test worker] INFO org.springframework.test.context.support.AnnotationConfigContextLoaderUtils - Could not detect default configuration classes for test class [ru.ivashkevich.exchangeratecheck.CurrencyControllerTest]: CurrencyControllerTest does not declare any static, non-private, non-final, nested classes annotated with @Configuration.
07:23:21.218 [Test worker] DEBUG org.springframework.test.context.support.ActiveProfilesUtils - Could not find an 'annotation declaring class' for annotation type [org.springframework.test.context.ActiveProfiles] and class [ru.ivashkevich.exchangeratecheck.CurrencyControllerTest]
07:23:21.282 [Test worker] DEBUG org.springframework.context.annotation.ClassPathScanningCandidateComponentProvider - Identified candidate component class: file [C:\Java\projects\exchange-rate-check\build\classes\java\main\ru\ivashkevich\exchangeratecheck\ExchangeRateCheckApplication.class]
07:23:21.289 [Test worker] INFO org.springframework.boot.test.context.SpringBootTestContextBootstrapper - Found @SpringBootConfiguration ru.ivashkevich.exchangeratecheck.ExchangeRateCheckApplication for test class ru.ivashkevich.exchangeratecheck.CurrencyControllerTest
07:23:21.390 [Test worker] DEBUG org.springframework.boot.test.context.SpringBootTestContextBootstrapper - @TestExecutionListeners is not present for class [ru.ivashkevich.exchangeratecheck.CurrencyControllerTest]: using defaults.
07:23:21.391 [Test worker] INFO org.springframework.boot.test.context.SpringBootTestContextBootstrapper - Loaded default TestExecutionListener class names from location [META-INF/spring.factories]: [org.springframework.boot.test.autoconfigure.restdocs.RestDocsTestExecutionListener, org.springframework.boot.test.autoconfigure.web.client.MockRestServiceServerResetTestExecutionListener, org.springframework.boot.test.autoconfigure.web.servlet.MockMvcPrintOnlyOnFailureTestExecutionListener, org.springframework.boot.test.autoconfigure.web.servlet.WebDriverTestExecutionListener, org.springframework.boot.test.autoconfigure.webservices.client.MockWebServiceServerTestExecutionListener, org.springframework.boot.test.mock.mockito.MockitoTestExecutionListener, org.springframework.boot.test.mock.mockito.ResetMocksTestExecutionListener, org.springframework.test.context.web.ServletTestExecutionListener, org.springframework.test.context.support.DirtiesContextBeforeModesTestExecutionListener, org.springframework.test.context.event.ApplicationEventsTestExecutionListener, org.springframework.test.context.support.DependencyInjectionTestExecutionListener, org.springframework.test.context.support.DirtiesContextTestExecutionListener, org.springframework.test.context.transaction.TransactionalTestExecutionListener, org.springframework.test.context.jdbc.SqlScriptsTestExecutionListener, org.springframework.test.context.event.EventPublishingTestExecutionListener]
07:23:21.393 [Test worker] DEBUG org.springframework.boot.test.context.SpringBootTestContextBootstrapper - Skipping candidate TestExecutionListener [org.springframework.test.context.transaction.TransactionalTestExecutionListener] due to a missing dependency. Specify custom listener classes or make the default listener classes and their required dependencies available. Offending class: [org/springframework/transaction/interceptor/TransactionAttributeSource]
07:23:21.404 [Test worker] DEBUG org.springframework.boot.test.context.SpringBootTestContextBootstrapper - Skipping candidate TestExecutionListener [org.springframework.test.context.jdbc.SqlScriptsTestExecutionListener] due to a missing dependency. Specify custom listener classes or make the default listener classes and their required dependencies available. Offending class: [org/springframework/transaction/interceptor/TransactionAttribute]
07:23:21.405 [Test worker] INFO org.springframework.boot.test.context.SpringBootTestContextBootstrapper - Using TestExecutionListeners: [org.springframework.test.context.web.ServletTestExecutionListener@f9879ac, org.springframework.test.context.support.DirtiesContextBeforeModesTestExecutionListener@37f21974, org.springframework.test.context.event.ApplicationEventsTestExecutionListener@5f4d427e, org.springframework.boot.test.mock.mockito.MockitoTestExecutionListener@6e521c1e, org.springframework.boot.test.autoconfigure.SpringBootDependencyInjectionTestExecutionListener@224b4d61, org.springframework.test.context.support.DirtiesContextTestExecutionListener@5d5d9e5, org.springframework.test.context.event.EventPublishingTestExecutionListener@303e3593, org.springframework.boot.test.autoconfigure.restdocs.RestDocsTestExecutionListener@4ef27d66, org.springframework.boot.test.autoconfigure.web.client.MockRestServiceServerResetTestExecutionListener@362a019c, org.springframework.boot.test.autoconfigure.web.servlet.MockMvcPrintOnlyOnFailureTestExecutionListener@1d9bec4d, org.springframework.boot.test.autoconfigure.web.servlet.WebDriverTestExecutionListener@5c48c0c0, org.springframework.boot.test.autoconfigure.webservices.client.MockWebServiceServerTestExecutionListener@10c8f62, org.springframework.boot.test.mock.mockito.ResetMocksTestExecutionListener@674c583e]
07:23:21.410 [Test worker] DEBUG org.springframework.test.context.support.AbstractDirtiesContextTestExecutionListener - Before test class: context [DefaultTestContext@5d25e6bb testClass = CurrencyControllerTest, testInstance = [null], testMethod = [null], testException = [null], mergedContextConfiguration = [WebMergedContextConfiguration@ce5a68e testClass = CurrencyControllerTest, locations = '{}', classes = '{class ru.ivashkevich.exchangeratecheck.ExchangeRateCheckApplication}', contextInitializerClasses = '[]', activeProfiles = '{}', propertySourceLocations = '{}', propertySourceProperties = '{org.springframework.boot.test.context.SpringBootTestContextBootstrapper=true}', contextCustomizers = set[org.springframework.boot.test.autoconfigure.actuate.metrics.MetricsExportContextCustomizerFactory$DisableMetricExportContextCustomizer@2445445a, org.springframework.boot.test.autoconfigure.properties.PropertyMappingContextCustomizer@4b3fa0b3, org.springframework.boot.test.autoconfigure.web.servlet.WebDriverContextCustomizerFactory$Customizer@126945f9, [ImportsContextCustomizer@9d157ff key = [org.springframework.boot.test.autoconfigure.web.servlet.MockMvcAutoConfiguration, org.springframework.boot.test.autoconfigure.web.servlet.MockMvcWebClientAutoConfiguration, org.springframework.boot.test.autoconfigure.web.servlet.MockMvcWebDriverAutoConfiguration, org.springframework.boot.autoconfigure.security.oauth2.client.servlet.OAuth2ClientAutoConfiguration, org.springframework.boot.autoconfigure.security.oauth2.resource.servlet.OAuth2ResourceServerAutoConfiguration, org.springframework.boot.autoconfigure.security.servlet.SecurityAutoConfiguration, org.springframework.boot.autoconfigure.security.servlet.SecurityFilterAutoConfiguration, org.springframework.boot.autoconfigure.security.servlet.UserDetailsServiceAutoConfiguration, org.springframework.boot.test.autoconfigure.web.servlet.MockMvcSecurityConfiguration, org.springframework.boot.test.autoconfigure.web.reactive.WebTestClientAutoConfiguration]], org.springframework.boot.test.context.filter.ExcludeFilterContextCustomizer@cd1d761, org.springframework.boot.test.json.DuplicateJsonObjectContextCustomizerFactory$DuplicateJsonObjectContextCustomizer@6b8d96d9, org.springframework.boot.test.mock.mockito.MockitoContextCustomizer@0, org.springframework.boot.test.web.client.TestRestTemplateContextCustomizer@604f2bd2, org.springframework.boot.test.context.SpringBootTestArgs@1, org.springframework.boot.test.context.SpringBootTestWebEnvironment@ea6147e], resourceBasePath = 'src/main/webapp', contextLoader = 'org.springframework.boot.test.context.SpringBootContextLoader', parent = [null]], attributes = map['org.springframework.test.context.web.ServletTestExecutionListener.activateListener' -> true]], class annotated with @DirtiesContext [false] with mode [null].
07:23:21.475 [Test worker] DEBUG org.springframework.boot.ApplicationServletEnvironment - Activating profiles []
07:23:21.479 [Test worker] DEBUG org.springframework.test.context.support.TestPropertySourceUtils - Adding inlined properties to environment: {spring.jmx.enabled=false, org.springframework.boot.test.context.SpringBootTestContextBootstrapper=true}

  .   ____          _            __ _ _
 /\\ / ___'_ __ _ _(_)_ __  __ _ \ \ \ \
( ( )\___ | '_ | '_| | '_ \/ _` | \ \ \ \
 \\/  ___)| |_)| | | | | || (_| |  ) ) ) )
  '  |____| .__|_| |_|_| |_\__, | / / / /
 =========|_|==============|___/=/_/_/_/
 :: Spring Boot ::                (v2.6.0)

2021-11-29 07:23:21.919  INFO 9148 --- [    Test worker] r.i.e.CurrencyControllerTest             : Starting CurrencyControllerTest using Java 15.0.1 on LAPTOP-ADGIG4A4 with PID 9148 (started by shaqz in C:\Java\projects\exchange-rate-check)
2021-11-29 07:23:21.920  INFO 9148 --- [    Test worker] r.i.e.CurrencyControllerTest             : No active profile set, falling back to default profiles: default
2021-11-29 07:23:22.921  INFO 9148 --- [    Test worker] o.s.cloud.context.scope.GenericScope     : BeanFactory id=50d13f46-3f0a-34c6-beaf-3d29458cf458
2021-11-29 07:23:24.237  INFO 9148 --- [    Test worker] o.s.b.t.m.w.SpringBootMockServletContext : Initializing Spring TestDispatcherServlet ''
2021-11-29 07:23:24.237  INFO 9148 --- [    Test worker] o.s.t.web.servlet.TestDispatcherServlet  : Initializing Servlet ''
2021-11-29 07:23:24.241  INFO 9148 --- [    Test worker] o.s.t.web.servlet.TestDispatcherServlet  : Completed initialization in 4 ms
2021-11-29 07:23:24.438  INFO 9148 --- [    Test worker] r.i.e.CurrencyControllerTest             : Started CurrencyControllerTest in 2.957 seconds (JVM running for 4.377)

MockHttpServletRequest:
      HTTP Method = GET
      Request URI = /currency/RUB
       Parameters = {}
          Headers = []
             Body = null
    Session Attrs = {}

Handler:
             Type = ru.ivashkevich.exchangeratecheck.CurrencyController
           Method = ru.ivashkevich.exchangeratecheck.CurrencyController#exchangeRate(String, Model)

Async:
    Async started = false
     Async result = null

Resolved Exception:
             Type = null

ModelAndView:
        View name = exchangeRateCheck
             View = null
        Attribute = giphyUrl
            value = https://giphy.com/gifs/snl-saturday-night-live-season-44-hr4KN4umbEd2hg5o6J
        Attribute = giphyEmbedUrl
            value = https://giphy.com/embed/hr4KN4umbEd2hg5o6J

FlashMap:
       Attributes = null

MockHttpServletResponse:
           Status = 200
    Error message = null
          Headers = [Content-Language:"en", Content-Type:"text/html;charset=UTF-8"]
     Content type = text/html;charset=UTF-8
             Body = <!DOCTYPE html>
<html lang="en">
<head>
    <meta charset="UTF-8">
    <title>Gif from Giphy.com</title>
</head>
<body>
<iframe src="https://giphy.com/embed/hr4KN4umbEd2hg5o6J" width="480" height="269" frameBorder="0" class="giphy-embed" allowFullScreen></iframe>
<p>
    <a href="https://giphy.com/gifs/snl-saturday-night-live-season-44-hr4KN4umbEd2hg5o6J">via GIPHY</a>
</p>
</body>
</html>
    Forwarded URL = null
   Redirected URL = null
          Cookies = []
]]></system-out>
  <system-err><![CDATA[]]></system-err>
</testsuite>
