<?xml version="1.0" encoding="UTF-8"?>
<testsuite name="ru.ivashkevich.exchangeratecheck.GiphyClientIntegrationTest" tests="1" skipped="0" failures="0" errors="0" timestamp="2021-11-29T04:23:30" hostname="LAPTOP-ADGIG4A4" time="0.643">
  <properties/>
  <testcase name="whenGetLatest_thenGiphyDTOShouldBeReturned()" classname="ru.ivashkevich.exchangeratecheck.GiphyClientIntegrationTest" time="0.643"/>
  <system-out><![CDATA[2021-11-29 07:23:28.825  INFO 9148 --- [    Test worker] o.s.t.c.support.AbstractContextLoader    : Could not detect default resource locations for test class [ru.ivashkevich.exchangeratecheck.GiphyClientIntegrationTest]: no resource found for suffixes {-context.xml, Context.groovy}.
2021-11-29 07:23:28.834  INFO 9148 --- [    Test worker] .b.t.c.SpringBootTestContextBootstrapper : Found @SpringBootConfiguration ru.ivashkevich.exchangeratecheck.ExchangeRateCheckApplication for test class ru.ivashkevich.exchangeratecheck.GiphyClientIntegrationTest
2021-11-29 07:23:28.841  INFO 9148 --- [    Test worker] .b.t.c.SpringBootTestContextBootstrapper : Loaded default TestExecutionListener class names from location [META-INF/spring.factories]: [org.springframework.boot.test.autoconfigure.restdocs.RestDocsTestExecutionListener, org.springframework.boot.test.autoconfigure.web.client.MockRestServiceServerResetTestExecutionListener, org.springframework.boot.test.autoconfigure.web.servlet.MockMvcPrintOnlyOnFailureTestExecutionListener, org.springframework.boot.test.autoconfigure.web.servlet.WebDriverTestExecutionListener, org.springframework.boot.test.autoconfigure.webservices.client.MockWebServiceServerTestExecutionListener, org.springframework.boot.test.mock.mockito.MockitoTestExecutionListener, org.springframework.boot.test.mock.mockito.ResetMocksTestExecutionListener, org.springframework.test.context.web.ServletTestExecutionListener, org.springframework.test.context.support.DirtiesContextBeforeModesTestExecutionListener, org.springframework.test.context.event.ApplicationEventsTestExecutionListener, org.springframework.test.context.support.DependencyInjectionTestExecutionListener, org.springframework.test.context.support.DirtiesContextTestExecutionListener, org.springframework.test.context.transaction.TransactionalTestExecutionListener, org.springframework.test.context.jdbc.SqlScriptsTestExecutionListener, org.springframework.test.context.event.EventPublishingTestExecutionListener]
2021-11-29 07:23:28.843  INFO 9148 --- [    Test worker] .b.t.c.SpringBootTestContextBootstrapper : Using TestExecutionListeners: [org.springframework.test.context.web.ServletTestExecutionListener@183a508b, org.springframework.test.context.support.DirtiesContextBeforeModesTestExecutionListener@5aeebccc, org.springframework.test.context.event.ApplicationEventsTestExecutionListener@14293540, org.springframework.boot.test.mock.mockito.MockitoTestExecutionListener@6fe243a, org.springframework.boot.test.autoconfigure.SpringBootDependencyInjectionTestExecutionListener@4c8a9266, org.springframework.test.context.support.DirtiesContextTestExecutionListener@63ad5fe7, org.springframework.test.context.event.EventPublishingTestExecutionListener@3e73f5e7, org.springframework.boot.test.autoconfigure.restdocs.RestDocsTestExecutionListener@495bc9e7, org.springframework.boot.test.autoconfigure.web.client.MockRestServiceServerResetTestExecutionListener@51da7b08, org.springframework.boot.test.autoconfigure.web.servlet.MockMvcPrintOnlyOnFailureTestExecutionListener@580154b3, org.springframework.boot.test.autoconfigure.web.servlet.WebDriverTestExecutionListener@79fc4e99, org.springframework.boot.test.autoconfigure.webservices.client.MockWebServiceServerTestExecutionListener@6e7fa4b0, org.springframework.boot.test.mock.mockito.ResetMocksTestExecutionListener@6c7f804c]

  .   ____          _            __ _ _
 /\\ / ___'_ __ _ _(_)_ __  __ _ \ \ \ \
( ( )\___ | '_ | '_| | '_ \/ _` | \ \ \ \
 \\/  ___)| |_)| | | | | || (_| |  ) ) ) )
  '  |____| .__|_| |_|_| |_\__, | / / / /
 =========|_|==============|___/=/_/_/_/
 :: Spring Boot ::                (v2.6.0)

2021-11-29 07:23:29.024  INFO 9148 --- [    Test worker] r.i.e.GiphyClientIntegrationTest         : Starting GiphyClientIntegrationTest using Java 15.0.1 on LAPTOP-ADGIG4A4 with PID 9148 (started by shaqz in C:\Java\projects\exchange-rate-check)
2021-11-29 07:23:29.024  INFO 9148 --- [    Test worker] r.i.e.GiphyClientIntegrationTest         : The following profiles are active: test
2021-11-29 07:23:29.256  INFO 9148 --- [    Test worker] o.s.cloud.context.scope.GenericScope     : BeanFactory id=8e437a8b-7017-3152-a215-ab4f1f6dcdee
2021-11-29 07:23:29.676  INFO 9148 --- [    Test worker] org.eclipse.jetty.util.log               : Logging initialized @9612ms to org.eclipse.jetty.util.log.Slf4jLog
2021-11-29 07:23:29.857  INFO 9148 --- [    Test worker] org.eclipse.jetty.server.Server          : jetty-9.4.44.v20210927; built: 2021-09-27T23:02:44.612Z; git: 8da83308eeca865e495e53ef315a249d63ba9332; jvm 15.0.1+9-18
2021-11-29 07:23:29.882  INFO 9148 --- [    Test worker] o.e.jetty.server.handler.ContextHandler  : Started o.e.j.s.ServletContextHandler@3435a4e5{/__admin,null,AVAILABLE}
2021-11-29 07:23:29.888  INFO 9148 --- [    Test worker] o.e.j.s.handler.ContextHandler.ROOT      : RequestHandlerClass from context returned com.github.tomakehurst.wiremock.http.StubRequestHandler. Normalized mapped under returned 'null'
2021-11-29 07:23:29.888  INFO 9148 --- [    Test worker] o.e.jetty.server.handler.ContextHandler  : Started o.e.j.s.ServletContextHandler@4724b2c1{/,null,AVAILABLE}
2021-11-29 07:23:29.901  INFO 9148 --- [    Test worker] o.e.jetty.server.AbstractConnector       : Started NetworkTrafficServerConnector@412440c1{HTTP/1.1, (http/1.1, h2c)}{0.0.0.0:9561}
2021-11-29 07:23:29.901  INFO 9148 --- [    Test worker] org.eclipse.jetty.server.Server          : Started @9839ms
2021-11-29 07:23:30.497  INFO 9148 --- [    Test worker] r.i.e.GiphyClientIntegrationTest         : Started GiphyClientIntegrationTest in 1.648 seconds (JVM running for 10.435)
]]></system-out>
  <system-err><![CDATA[]]></system-err>
</testsuite>
